Build started 1/24/2014 12:47:16 PM.
     1>Project "C:\Users\Realidad1\Desktop\Proyecto Paredes Virtuales\VRPN Optitrack\VRPN-Listener.vcxproj" on node 2 (build target(s)).
     1>InitializeBuildStatus:
         Creating "Debug\VRPN-Listener.unsuccessfulbuild" because "AlwaysCreate" was specified.
       ClCompile:
         C:\Program Files (x86)\Microsoft Visual Studio 10.0\VC\bin\CL.exe /c /IC:\Users\Realidad1\Desktop\vrpn /ZI /nologo /W3 /WX- /Od /Oy- /D WIN32 /D _DEBUG /D _CONSOLE /D _MBCS /Gm /EHsc /RTC1 /MDd /GS /fp:precise /Zc:wchar_t /Zc:forScope /Fo"Debug\\" /Fd"Debug\vc100.pdb" /Gd /TP /analyze- /errorReport:prompt "VRPN-Listener.cpp"
         VRPN-Listener.cpp
     1>c:\users\realidad1\desktop\proyecto paredes virtuales\vrpn optitrack\vrpn-listener.cpp(43): warning C4305: 'initializing' : truncation from 'double' to 'float'
     1>c:\users\realidad1\desktop\proyecto paredes virtuales\vrpn optitrack\vrpn-listener.cpp(43): warning C4305: 'initializing' : truncation from 'double' to 'float'
     1>c:\users\realidad1\desktop\proyecto paredes virtuales\vrpn optitrack\vrpn-listener.cpp(78): warning C4305: 'initializing' : truncation from 'double' to 'GLfloat'
     1>c:\users\realidad1\desktop\proyecto paredes virtuales\vrpn optitrack\vrpn-listener.cpp(82): warning C4305: 'initializing' : truncation from 'double' to 'float'
     1>c:\users\realidad1\desktop\proyecto paredes virtuales\vrpn optitrack\vrpn-listener.cpp(102): warning C4244: '=' : conversion from 'const vrpn_float64' to 'float', possible loss of data
     1>c:\users\realidad1\desktop\proyecto paredes virtuales\vrpn optitrack\vrpn-listener.cpp(103): warning C4244: '=' : conversion from 'const vrpn_float64' to 'float', possible loss of data
     1>c:\users\realidad1\desktop\proyecto paredes virtuales\vrpn optitrack\vrpn-listener.cpp(104): warning C4244: '=' : conversion from 'const vrpn_float64' to 'float', possible loss of data
     1>c:\users\realidad1\desktop\proyecto paredes virtuales\vrpn optitrack\vrpn-listener.cpp(105): warning C4244: '=' : conversion from 'double' to 'float', possible loss of data
     1>c:\users\realidad1\desktop\proyecto paredes virtuales\vrpn optitrack\vrpn-listener.cpp(106): warning C4244: '=' : conversion from 'const vrpn_float64' to 'float', possible loss of data
     1>c:\users\realidad1\desktop\proyecto paredes virtuales\vrpn optitrack\vrpn-listener.cpp(107): warning C4244: '=' : conversion from 'const vrpn_float64' to 'float', possible loss of data
     1>c:\users\realidad1\desktop\proyecto paredes virtuales\vrpn optitrack\vrpn-listener.cpp(108): warning C4244: '=' : conversion from 'const vrpn_float64' to 'float', possible loss of data
     1>c:\users\realidad1\desktop\proyecto paredes virtuales\vrpn optitrack\vrpn-listener.cpp(212): warning C4244: 'argument' : conversion from 'int' to 'GLfloat', possible loss of data
     1>c:\users\realidad1\desktop\proyecto paredes virtuales\vrpn optitrack\vrpn-listener.cpp(212): warning C4244: 'argument' : conversion from 'int' to 'GLfloat', possible loss of data
     1>c:\users\realidad1\desktop\proyecto paredes virtuales\vrpn optitrack\vrpn-listener.cpp(213): warning C4244: 'argument' : conversion from 'int' to 'GLfloat', possible loss of data
     1>c:\users\realidad1\desktop\proyecto paredes virtuales\vrpn optitrack\vrpn-listener.cpp(213): warning C4244: 'argument' : conversion from 'int' to 'GLfloat', possible loss of data
     1>c:\users\realidad1\desktop\proyecto paredes virtuales\vrpn optitrack\vrpn-listener.cpp(214): warning C4244: 'argument' : conversion from 'int' to 'GLfloat', possible loss of data
     1>c:\users\realidad1\desktop\proyecto paredes virtuales\vrpn optitrack\vrpn-listener.cpp(214): warning C4244: 'argument' : conversion from 'int' to 'GLfloat', possible loss of data
     1>c:\users\realidad1\desktop\proyecto paredes virtuales\vrpn optitrack\vrpn-listener.cpp(215): warning C4244: 'argument' : conversion from 'int' to 'GLfloat', possible loss of data
     1>c:\users\realidad1\desktop\proyecto paredes virtuales\vrpn optitrack\vrpn-listener.cpp(215): warning C4244: 'argument' : conversion from 'int' to 'GLfloat', possible loss of data
     1>c:\users\realidad1\desktop\proyecto paredes virtuales\vrpn optitrack\vrpn-listener.cpp(257): warning C4244: 'initializing' : conversion from 'double' to 'float', possible loss of data
     1>c:\users\realidad1\desktop\proyecto paredes virtuales\vrpn optitrack\vrpn-listener.cpp(323): warning C4244: '=' : conversion from 'int' to 'float', possible loss of data
     1>c:\users\realidad1\desktop\proyecto paredes virtuales\vrpn optitrack\vrpn-listener.cpp(324): warning C4244: '=' : conversion from 'int' to 'float', possible loss of data
     1>c:\users\realidad1\desktop\proyecto paredes virtuales\vrpn optitrack\vrpn-listener.cpp(362): warning C4244: 'initializing' : conversion from 'double' to 'GLfloat', possible loss of data
     1>c:\users\realidad1\desktop\proyecto paredes virtuales\vrpn optitrack\vrpn-listener.cpp(363): warning C4244: 'initializing' : conversion from 'double' to 'GLfloat', possible loss of data
     1>c:\users\realidad1\desktop\proyecto paredes virtuales\vrpn optitrack\vrpn-listener.cpp(454): warning C4101: 'i' : unreferenced local variable
       ManifestResourceCompile:
         All outputs are up-to-date.
       Link:
         C:\Program Files (x86)\Microsoft Visual Studio 10.0\VC\bin\link.exe /ERRORREPORT:PROMPT /OUT:"C:\Users\Realidad1\Desktop\Proyecto Paredes Virtuales\VRPN Optitrack\Debug\VRPN-Listener.exe" /INCREMENTAL /NOLOGO /LIBPATH:C:\Users\Realidad1\Desktop\vrpn\pc_win32\Debug vrpn.lib freeglut.lib kernel32.lib user32.lib gdi32.lib winspool.lib comdlg32.lib advapi32.lib shell32.lib ole32.lib oleaut32.lib uuid.lib odbc32.lib odbccp32.lib /MANIFEST /ManifestFile:"Debug\VRPN-Listener.exe.intermediate.manifest" /MANIFESTUAC:"level='asInvoker' uiAccess='false'" /DEBUG /PDB:"C:\Users\Realidad1\Desktop\Proyecto Paredes Virtuales\VRPN Optitrack\Debug\VRPN-Listener.pdb" /SUBSYSTEM:CONSOLE /TLBID:1 /DYNAMICBASE /NXCOMPAT /IMPLIB:"C:\Users\Realidad1\Desktop\Proyecto Paredes Virtuales\VRPN Optitrack\Debug\VRPN-Listener.lib" /MACHINE:X86 "Debug\VRPN-Listener.exe.embed.manifest.res"
         "Debug\VRPN-Listener.obj"
       Manifest:
         C:\Program Files (x86)\Microsoft SDKs\Windows\v7.0A\bin\mt.exe /nologo /verbose /out:"Debug\VRPN-Listener.exe.embed.manifest" /manifest "Debug\VRPN-Listener.exe.intermediate.manifest"
         All outputs are up-to-date.
       LinkEmbedManifest:
         All outputs are up-to-date.
         VRPN-Listener.vcxproj -> C:\Users\Realidad1\Desktop\Proyecto Paredes Virtuales\VRPN Optitrack\Debug\VRPN-Listener.exe
       FinalizeBuildStatus:
         Deleting file "Debug\VRPN-Listener.unsuccessfulbuild".
         Touching "Debug\VRPN-Listener.lastbuildstate".
     1>Done Building Project "C:\Users\Realidad1\Desktop\Proyecto Paredes Virtuales\VRPN Optitrack\VRPN-Listener.vcxproj" (build target(s)).

Build succeeded.

Time Elapsed 00:00:02.00
