C:\Users\Realidad1\Desktop\VRPN Optitrack\Debug\cl.command.1.tlog
C:\Users\Realidad1\Desktop\VRPN Optitrack\Debug\CL.read.1.tlog
C:\Users\Realidad1\Desktop\VRPN Optitrack\Debug\CL.write.1.tlog
C:\Users\Realidad1\Desktop\VRPN Optitrack\Debug\link.10228.read.1.tlog
C:\Users\Realidad1\Desktop\VRPN Optitrack\Debug\link.10228.write.1.tlog
C:\Users\Realidad1\Desktop\VRPN Optitrack\Debug\link.10228-cvtres.read.1.tlog
C:\Users\Realidad1\Desktop\VRPN Optitrack\Debug\link.10228-cvtres.write.1.tlog
C:\Users\Realidad1\Desktop\VRPN Optitrack\Debug\link.10380.read.1.tlog
C:\Users\Realidad1\Desktop\VRPN Optitrack\Debug\link.10380.write.1.tlog
C:\Users\Realidad1\Desktop\VRPN Optitrack\Debug\link.10380-cvtres.read.1.tlog
C:\Users\Realidad1\Desktop\VRPN Optitrack\Debug\link.10380-cvtres.write.1.tlog
C:\Users\Realidad1\Desktop\VRPN Optitrack\Debug\link.10796.read.1.tlog
C:\Users\Realidad1\Desktop\VRPN Optitrack\Debug\link.10796.write.1.tlog
C:\Users\Realidad1\Desktop\VRPN Optitrack\Debug\link.10796-cvtres.read.1.tlog
C:\Users\Realidad1\Desktop\VRPN Optitrack\Debug\link.10796-cvtres.write.1.tlog
C:\Users\Realidad1\Desktop\VRPN Optitrack\Debug\link.9676.read.1.tlog
C:\Users\Realidad1\Desktop\VRPN Optitrack\Debug\link.9676.write.1.tlog
C:\Users\Realidad1\Desktop\VRPN Optitrack\Debug\link.9676-cvtres.read.1.tlog
C:\Users\Realidad1\Desktop\VRPN Optitrack\Debug\link.9676-cvtres.write.1.tlog
C:\Users\Realidad1\Desktop\VRPN Optitrack\Debug\link.command.1.tlog
C:\Users\Realidad1\Desktop\VRPN Optitrack\Debug\link.read.1.tlog
C:\Users\Realidad1\Desktop\VRPN Optitrack\Debug\link.write.1.tlog
C:\Users\Realidad1\Desktop\VRPN Optitrack\Debug\link-cvtres.read.1.tlog
C:\Users\Realidad1\Desktop\VRPN Optitrack\Debug\link-cvtres.write.1.tlog
C:\Users\Realidad1\Desktop\VRPN Optitrack\Debug\mt.command.1.tlog
C:\Users\Realidad1\Desktop\VRPN Optitrack\Debug\mt.read.1.tlog
C:\Users\Realidad1\Desktop\VRPN Optitrack\Debug\mt.write.1.tlog
C:\Users\Realidad1\Desktop\VRPN Optitrack\Debug\rc.command.1.tlog
C:\Users\Realidad1\Desktop\VRPN Optitrack\Debug\rc.read.1.tlog
C:\Users\Realidad1\Desktop\VRPN Optitrack\Debug\rc.write.1.tlog
C:\Users\Realidad1\Desktop\VRPN Optitrack\Debug\vc100.idb
C:\USERS\REALIDAD1\DESKTOP\VRPN OPTITRACK\DEBUG\VC100.PDB
C:\USERS\REALIDAD1\DESKTOP\VRPN OPTITRACK\DEBUG\VRPN-LISTENER.EXE
C:\USERS\REALIDAD1\DESKTOP\VRPN OPTITRACK\DEBUG\VRPN-LISTENER.EXE.EMBED.MANIFEST
C:\USERS\REALIDAD1\DESKTOP\VRPN OPTITRACK\DEBUG\VRPN-LISTENER.EXE.EMBED.MANIFEST.RES
C:\USERS\REALIDAD1\DESKTOP\VRPN OPTITRACK\DEBUG\VRPN-LISTENER.EXE.INTERMEDIATE.MANIFEST
C:\USERS\REALIDAD1\DESKTOP\VRPN OPTITRACK\DEBUG\VRPN-LISTENER.ILK
C:\USERS\REALIDAD1\DESKTOP\VRPN OPTITRACK\DEBUG\VRPN-LISTENER.OBJ
C:\USERS\REALIDAD1\DESKTOP\VRPN OPTITRACK\DEBUG\VRPN-LISTENER.PDB
C:\Users\Realidad1\Desktop\VRPN Optitrack\Debug\VRPN-Listener.write.1.tlog
C:\Users\Realidad1\Desktop\VRPN Optitrack\Debug\VRPN-Listener_manifest.rc
