Build started 12/16/2013 5:34:02 PM.
     1>Project "D:\ProyectoDemo\HeadTrackingFinal\HeadTrackingFinal\HeadTrackingFinal.vcxproj" on node 2 (Build target(s)).
     1>ClCompile:
         C:\Program Files (x86)\Microsoft Visual Studio 12.0\VC\bin\CL.exe /c /ID:\ProyectoDemo\HeadTrackingFinal\HeadTrackingFinal\include /ZI /nologo /W3 /WX- /Od /Oy- /D WIN32 /D _DEBUG /D _CONSOLE /D _LIB /D _UNICODE /D UNICODE /Gm /EHsc /RTC1 /MDd /GS /fp:precise /Zc:wchar_t /Zc:forScope /Fo"Debug\\" /Fd"Debug\vc120.pdb" /Gd /TP /analyze- /errorReport:prompt main.cpp
         main.cpp
     1>d:\proyectodemo\headtrackingfinal\headtrackingfinal\main.cpp(733): warning C4996: 'getch': The POSIX name for this item is deprecated. Instead, use the ISO C++ conformant name: _getch. See online help for details.
                 c:\program files (x86)\microsoft visual studio 12.0\vc\include\conio.h(131) : see declaration of 'getch'
     1>d:\proyectodemo\headtrackingfinal\headtrackingfinal\main.cpp(739): warning C4996: 'getch': The POSIX name for this item is deprecated. Instead, use the ISO C++ conformant name: _getch. See online help for details.
                 c:\program files (x86)\microsoft visual studio 12.0\vc\include\conio.h(131) : see declaration of 'getch'
     1>d:\proyectodemo\headtrackingfinal\headtrackingfinal\main.cpp(745): warning C4996: 'getch': The POSIX name for this item is deprecated. Instead, use the ISO C++ conformant name: _getch. See online help for details.
                 c:\program files (x86)\microsoft visual studio 12.0\vc\include\conio.h(131) : see declaration of 'getch'
     1>d:\proyectodemo\headtrackingfinal\headtrackingfinal\main.cpp(751): warning C4996: 'getch': The POSIX name for this item is deprecated. Instead, use the ISO C++ conformant name: _getch. See online help for details.
                 c:\program files (x86)\microsoft visual studio 12.0\vc\include\conio.h(131) : see declaration of 'getch'
     1>d:\proyectodemo\headtrackingfinal\headtrackingfinal\main.cpp(757): warning C4996: 'getch': The POSIX name for this item is deprecated. Instead, use the ISO C++ conformant name: _getch. See online help for details.
                 c:\program files (x86)\microsoft visual studio 12.0\vc\include\conio.h(131) : see declaration of 'getch'
     1>d:\proyectodemo\headtrackingfinal\headtrackingfinal\main.cpp(766): warning C4996: 'getch': The POSIX name for this item is deprecated. Instead, use the ISO C++ conformant name: _getch. See online help for details.
                 c:\program files (x86)\microsoft visual studio 12.0\vc\include\conio.h(131) : see declaration of 'getch'
     1>d:\proyectodemo\headtrackingfinal\headtrackingfinal\main.cpp(936): warning C4996: 'fopen': This function or variable may be unsafe. Consider using fopen_s instead. To disable deprecation, use _CRT_SECURE_NO_WARNINGS. See online help for details.
                 c:\program files (x86)\microsoft visual studio 12.0\vc\include\stdio.h(211) : see declaration of 'fopen'
     1>d:\proyectodemo\headtrackingfinal\headtrackingfinal\main.cpp(938): warning C4996: 'getch': The POSIX name for this item is deprecated. Instead, use the ISO C++ conformant name: _getch. See online help for details.
                 c:\program files (x86)\microsoft visual studio 12.0\vc\include\conio.h(131) : see declaration of 'getch'
     1>d:\proyectodemo\headtrackingfinal\headtrackingfinal\main.cpp(944): warning C4996: 'getch': The POSIX name for this item is deprecated. Instead, use the ISO C++ conformant name: _getch. See online help for details.
                 c:\program files (x86)\microsoft visual studio 12.0\vc\include\conio.h(131) : see declaration of 'getch'
     1>d:\proyectodemo\headtrackingfinal\headtrackingfinal\main.cpp(949): warning C4996: 'getch': The POSIX name for this item is deprecated. Instead, use the ISO C++ conformant name: _getch. See online help for details.
                 c:\program files (x86)\microsoft visual studio 12.0\vc\include\conio.h(131) : see declaration of 'getch'
     1>d:\proyectodemo\headtrackingfinal\headtrackingfinal\main.cpp(955): warning C4996: 'getch': The POSIX name for this item is deprecated. Instead, use the ISO C++ conformant name: _getch. See online help for details.
                 c:\program files (x86)\microsoft visual studio 12.0\vc\include\conio.h(131) : see declaration of 'getch'
     1>d:\proyectodemo\headtrackingfinal\headtrackingfinal\main.cpp(960): warning C4996: 'getch': The POSIX name for this item is deprecated. Instead, use the ISO C++ conformant name: _getch. See online help for details.
                 c:\program files (x86)\microsoft visual studio 12.0\vc\include\conio.h(131) : see declaration of 'getch'
     1>d:\proyectodemo\headtrackingfinal\headtrackingfinal\main.cpp(965): warning C4996: 'getch': The POSIX name for this item is deprecated. Instead, use the ISO C++ conformant name: _getch. See online help for details.
                 c:\program files (x86)\microsoft visual studio 12.0\vc\include\conio.h(131) : see declaration of 'getch'
     1>d:\proyectodemo\headtrackingfinal\headtrackingfinal\main.cpp(970): warning C4996: 'getch': The POSIX name for this item is deprecated. Instead, use the ISO C++ conformant name: _getch. See online help for details.
                 c:\program files (x86)\microsoft visual studio 12.0\vc\include\conio.h(131) : see declaration of 'getch'
     1>d:\proyectodemo\headtrackingfinal\headtrackingfinal\main.cpp(977): warning C4996: 'getch': The POSIX name for this item is deprecated. Instead, use the ISO C++ conformant name: _getch. See online help for details.
                 c:\program files (x86)\microsoft visual studio 12.0\vc\include\conio.h(131) : see declaration of 'getch'
     1>d:\proyectodemo\headtrackingfinal\headtrackingfinal\main.cpp(982): warning C4996: 'getch': The POSIX name for this item is deprecated. Instead, use the ISO C++ conformant name: _getch. See online help for details.
                 c:\program files (x86)\microsoft visual studio 12.0\vc\include\conio.h(131) : see declaration of 'getch'
       Link:
         C:\Program Files (x86)\Microsoft Visual Studio 12.0\VC\bin\link.exe /ERRORREPORT:PROMPT /OUT:"D:\ProyectoDemo\HeadTrackingFinal\Debug\HeadTrackingFinal.exe" /INCREMENTAL /NOLOGO /LIBPATH:D:\ProyectoDemo\HeadTrackingFinal\HeadTrackingFinal\lib opengl32.lib glu32.lib ws2_32.lib setupapi.lib CameraLibrary2005S.lib glut32.lib kernel32.lib user32.lib gdi32.lib winspool.lib comdlg32.lib advapi32.lib shell32.lib ole32.lib oleaut32.lib uuid.lib odbc32.lib odbccp32.lib /MANIFEST /MANIFESTUAC:"level='asInvoker' uiAccess='false'" /manifest:embed /DEBUG /PDB:"D:\ProyectoDemo\HeadTrackingFinal\Debug\HeadTrackingFinal.pdb" /SUBSYSTEM:CONSOLE /TLBID:1 /DYNAMICBASE /NXCOMPAT /IMPLIB:"D:\ProyectoDemo\HeadTrackingFinal\Debug\HeadTrackingFinal.lib" /MACHINE:X86 Debug\main.obj
         HeadTrackingFinal.vcxproj -> D:\ProyectoDemo\HeadTrackingFinal\Debug\HeadTrackingFinal.exe
     1>Done Building Project "D:\ProyectoDemo\HeadTrackingFinal\HeadTrackingFinal\HeadTrackingFinal.vcxproj" (Build target(s)).

Build succeeded.

Time Elapsed 00:00:01.42
